[2024-07-16T08:33:28.293+0000] {processor.py:161} INFO - Started process (PID=31) to work on /opt/airflow/dags/warning_dag.py
[2024-07-16T08:33:28.295+0000] {processor.py:830} INFO - Processing file /opt/airflow/dags/warning_dag.py for tasks to queue
[2024-07-16T08:33:28.340+0000] {logging_mixin.py:188} INFO - [2024-07-16T08:33:28.340+0000] {dagbag.py:545} INFO - Filling up the DagBag from /opt/airflow/dags/warning_dag.py
[2024-07-16T08:33:28.346+0000] {processor.py:842} WARNING - No viable dags retrieved from /opt/airflow/dags/warning_dag.py
[2024-07-16T08:33:28.392+0000] {processor.py:183} INFO - Processing /opt/airflow/dags/warning_dag.py took 0.115 seconds
[2024-07-16T08:33:58.736+0000] {processor.py:161} INFO - Started process (PID=91) to work on /opt/airflow/dags/warning_dag.py
[2024-07-16T08:33:58.739+0000] {processor.py:830} INFO - Processing file /opt/airflow/dags/warning_dag.py for tasks to queue
[2024-07-16T08:33:58.762+0000] {logging_mixin.py:188} INFO - [2024-07-16T08:33:58.761+0000] {dagbag.py:545} INFO - Filling up the DagBag from /opt/airflow/dags/warning_dag.py
[2024-07-16T08:33:58.785+0000] {processor.py:842} WARNING - No viable dags retrieved from /opt/airflow/dags/warning_dag.py
[2024-07-16T08:33:58.821+0000] {processor.py:183} INFO - Processing /opt/airflow/dags/warning_dag.py took 0.115 seconds
[2024-07-16T08:34:29.446+0000] {processor.py:161} INFO - Started process (PID=152) to work on /opt/airflow/dags/warning_dag.py
[2024-07-16T08:34:29.447+0000] {processor.py:830} INFO - Processing file /opt/airflow/dags/warning_dag.py for tasks to queue
[2024-07-16T08:34:29.449+0000] {logging_mixin.py:188} INFO - [2024-07-16T08:34:29.449+0000] {dagbag.py:545} INFO - Filling up the DagBag from /opt/airflow/dags/warning_dag.py
[2024-07-16T08:34:29.465+0000] {processor.py:842} WARNING - No viable dags retrieved from /opt/airflow/dags/warning_dag.py
[2024-07-16T08:34:29.490+0000] {processor.py:183} INFO - Processing /opt/airflow/dags/warning_dag.py took 0.055 seconds
[2024-07-16T08:34:59.697+0000] {processor.py:161} INFO - Started process (PID=212) to work on /opt/airflow/dags/warning_dag.py
[2024-07-16T08:34:59.699+0000] {processor.py:830} INFO - Processing file /opt/airflow/dags/warning_dag.py for tasks to queue
[2024-07-16T08:34:59.705+0000] {logging_mixin.py:188} INFO - [2024-07-16T08:34:59.702+0000] {dagbag.py:545} INFO - Filling up the DagBag from /opt/airflow/dags/warning_dag.py
[2024-07-16T08:34:59.716+0000] {processor.py:842} WARNING - No viable dags retrieved from /opt/airflow/dags/warning_dag.py
[2024-07-16T08:34:59.738+0000] {processor.py:183} INFO - Processing /opt/airflow/dags/warning_dag.py took 0.049 seconds
[2024-07-16T08:35:30.040+0000] {processor.py:161} INFO - Started process (PID=272) to work on /opt/airflow/dags/warning_dag.py
[2024-07-16T08:35:30.041+0000] {processor.py:830} INFO - Processing file /opt/airflow/dags/warning_dag.py for tasks to queue
[2024-07-16T08:35:30.043+0000] {logging_mixin.py:188} INFO - [2024-07-16T08:35:30.043+0000] {dagbag.py:545} INFO - Filling up the DagBag from /opt/airflow/dags/warning_dag.py
[2024-07-16T08:35:30.048+0000] {processor.py:842} WARNING - No viable dags retrieved from /opt/airflow/dags/warning_dag.py
[2024-07-16T08:35:30.060+0000] {processor.py:183} INFO - Processing /opt/airflow/dags/warning_dag.py took 0.030 seconds
[2024-07-16T08:36:00.483+0000] {processor.py:161} INFO - Started process (PID=332) to work on /opt/airflow/dags/warning_dag.py
[2024-07-16T08:36:00.484+0000] {processor.py:830} INFO - Processing file /opt/airflow/dags/warning_dag.py for tasks to queue
[2024-07-16T08:36:00.486+0000] {logging_mixin.py:188} INFO - [2024-07-16T08:36:00.486+0000] {dagbag.py:545} INFO - Filling up the DagBag from /opt/airflow/dags/warning_dag.py
[2024-07-16T08:36:00.491+0000] {processor.py:842} WARNING - No viable dags retrieved from /opt/airflow/dags/warning_dag.py
[2024-07-16T08:36:00.522+0000] {processor.py:183} INFO - Processing /opt/airflow/dags/warning_dag.py took 0.047 seconds
[2024-07-16T08:36:30.671+0000] {processor.py:161} INFO - Started process (PID=392) to work on /opt/airflow/dags/warning_dag.py
[2024-07-16T08:36:30.672+0000] {processor.py:830} INFO - Processing file /opt/airflow/dags/warning_dag.py for tasks to queue
[2024-07-16T08:36:30.673+0000] {logging_mixin.py:188} INFO - [2024-07-16T08:36:30.673+0000] {dagbag.py:545} INFO - Filling up the DagBag from /opt/airflow/dags/warning_dag.py
[2024-07-16T08:36:30.676+0000] {processor.py:842} WARNING - No viable dags retrieved from /opt/airflow/dags/warning_dag.py
[2024-07-16T08:36:30.701+0000] {processor.py:183} INFO - Processing /opt/airflow/dags/warning_dag.py took 0.035 seconds
[2024-07-16T08:37:01.393+0000] {processor.py:161} INFO - Started process (PID=456) to work on /opt/airflow/dags/warning_dag.py
[2024-07-16T08:37:01.395+0000] {processor.py:830} INFO - Processing file /opt/airflow/dags/warning_dag.py for tasks to queue
[2024-07-16T08:37:01.402+0000] {logging_mixin.py:188} INFO - [2024-07-16T08:37:01.402+0000] {dagbag.py:545} INFO - Filling up the DagBag from /opt/airflow/dags/warning_dag.py
[2024-07-16T08:37:01.412+0000] {processor.py:842} WARNING - No viable dags retrieved from /opt/airflow/dags/warning_dag.py
[2024-07-16T08:37:01.428+0000] {processor.py:183} INFO - Processing /opt/airflow/dags/warning_dag.py took 0.048 seconds
[2024-07-16T08:37:32.590+0000] {processor.py:161} INFO - Started process (PID=516) to work on /opt/airflow/dags/warning_dag.py
[2024-07-16T08:37:32.598+0000] {processor.py:830} INFO - Processing file /opt/airflow/dags/warning_dag.py for tasks to queue
[2024-07-16T08:37:32.605+0000] {logging_mixin.py:188} INFO - [2024-07-16T08:37:32.604+0000] {dagbag.py:545} INFO - Filling up the DagBag from /opt/airflow/dags/warning_dag.py
[2024-07-16T08:37:32.613+0000] {processor.py:842} WARNING - No viable dags retrieved from /opt/airflow/dags/warning_dag.py
[2024-07-16T08:37:32.743+0000] {processor.py:183} INFO - Processing /opt/airflow/dags/warning_dag.py took 0.167 seconds
[2024-07-16T08:38:03.080+0000] {processor.py:161} INFO - Started process (PID=576) to work on /opt/airflow/dags/warning_dag.py
[2024-07-16T08:38:03.081+0000] {processor.py:830} INFO - Processing file /opt/airflow/dags/warning_dag.py for tasks to queue
[2024-07-16T08:38:03.086+0000] {logging_mixin.py:188} INFO - [2024-07-16T08:38:03.085+0000] {dagbag.py:545} INFO - Filling up the DagBag from /opt/airflow/dags/warning_dag.py
[2024-07-16T08:38:03.092+0000] {processor.py:842} WARNING - No viable dags retrieved from /opt/airflow/dags/warning_dag.py
[2024-07-16T08:38:03.111+0000] {processor.py:183} INFO - Processing /opt/airflow/dags/warning_dag.py took 0.044 seconds
[2024-07-16T08:38:34.036+0000] {processor.py:161} INFO - Started process (PID=636) to work on /opt/airflow/dags/warning_dag.py
[2024-07-16T08:38:34.037+0000] {processor.py:830} INFO - Processing file /opt/airflow/dags/warning_dag.py for tasks to queue
[2024-07-16T08:38:34.040+0000] {logging_mixin.py:188} INFO - [2024-07-16T08:38:34.040+0000] {dagbag.py:545} INFO - Filling up the DagBag from /opt/airflow/dags/warning_dag.py
[2024-07-16T08:38:34.044+0000] {processor.py:842} WARNING - No viable dags retrieved from /opt/airflow/dags/warning_dag.py
[2024-07-16T08:38:34.064+0000] {processor.py:183} INFO - Processing /opt/airflow/dags/warning_dag.py took 0.035 seconds
[2024-07-16T08:39:04.873+0000] {processor.py:161} INFO - Started process (PID=696) to work on /opt/airflow/dags/warning_dag.py
[2024-07-16T08:39:04.873+0000] {processor.py:830} INFO - Processing file /opt/airflow/dags/warning_dag.py for tasks to queue
[2024-07-16T08:39:04.878+0000] {logging_mixin.py:188} INFO - [2024-07-16T08:39:04.878+0000] {dagbag.py:545} INFO - Filling up the DagBag from /opt/airflow/dags/warning_dag.py
[2024-07-16T08:39:04.887+0000] {processor.py:842} WARNING - No viable dags retrieved from /opt/airflow/dags/warning_dag.py
[2024-07-16T08:39:04.909+0000] {processor.py:183} INFO - Processing /opt/airflow/dags/warning_dag.py took 0.045 seconds
[2024-07-16T08:39:35.610+0000] {processor.py:161} INFO - Started process (PID=755) to work on /opt/airflow/dags/warning_dag.py
[2024-07-16T08:39:35.612+0000] {processor.py:830} INFO - Processing file /opt/airflow/dags/warning_dag.py for tasks to queue
[2024-07-16T08:39:35.615+0000] {logging_mixin.py:188} INFO - [2024-07-16T08:39:35.614+0000] {dagbag.py:545} INFO - Filling up the DagBag from /opt/airflow/dags/warning_dag.py
[2024-07-16T08:39:35.620+0000] {processor.py:842} WARNING - No viable dags retrieved from /opt/airflow/dags/warning_dag.py
[2024-07-16T08:39:35.636+0000] {processor.py:183} INFO - Processing /opt/airflow/dags/warning_dag.py took 0.034 seconds
[2024-07-16T08:40:06.440+0000] {processor.py:161} INFO - Started process (PID=815) to work on /opt/airflow/dags/warning_dag.py
[2024-07-16T08:40:06.442+0000] {processor.py:830} INFO - Processing file /opt/airflow/dags/warning_dag.py for tasks to queue
[2024-07-16T08:40:06.444+0000] {logging_mixin.py:188} INFO - [2024-07-16T08:40:06.444+0000] {dagbag.py:545} INFO - Filling up the DagBag from /opt/airflow/dags/warning_dag.py
[2024-07-16T08:40:06.448+0000] {processor.py:842} WARNING - No viable dags retrieved from /opt/airflow/dags/warning_dag.py
[2024-07-16T08:40:06.485+0000] {processor.py:183} INFO - Processing /opt/airflow/dags/warning_dag.py took 0.051 seconds
[2024-07-16T08:40:36.609+0000] {processor.py:161} INFO - Started process (PID=875) to work on /opt/airflow/dags/warning_dag.py
[2024-07-16T08:40:36.610+0000] {processor.py:830} INFO - Processing file /opt/airflow/dags/warning_dag.py for tasks to queue
[2024-07-16T08:40:36.618+0000] {logging_mixin.py:188} INFO - [2024-07-16T08:40:36.617+0000] {dagbag.py:545} INFO - Filling up the DagBag from /opt/airflow/dags/warning_dag.py
[2024-07-16T08:40:36.626+0000] {processor.py:842} WARNING - No viable dags retrieved from /opt/airflow/dags/warning_dag.py
[2024-07-16T08:40:36.652+0000] {processor.py:183} INFO - Processing /opt/airflow/dags/warning_dag.py took 0.050 seconds
[2024-07-16T08:41:07.712+0000] {processor.py:161} INFO - Started process (PID=935) to work on /opt/airflow/dags/warning_dag.py
[2024-07-16T08:41:07.713+0000] {processor.py:830} INFO - Processing file /opt/airflow/dags/warning_dag.py for tasks to queue
[2024-07-16T08:41:07.716+0000] {logging_mixin.py:188} INFO - [2024-07-16T08:41:07.716+0000] {dagbag.py:545} INFO - Filling up the DagBag from /opt/airflow/dags/warning_dag.py
[2024-07-16T08:41:07.721+0000] {processor.py:842} WARNING - No viable dags retrieved from /opt/airflow/dags/warning_dag.py
[2024-07-16T08:41:07.735+0000] {processor.py:183} INFO - Processing /opt/airflow/dags/warning_dag.py took 0.037 seconds
[2024-07-16T08:41:37.909+0000] {processor.py:161} INFO - Started process (PID=995) to work on /opt/airflow/dags/warning_dag.py
[2024-07-16T08:41:37.911+0000] {processor.py:830} INFO - Processing file /opt/airflow/dags/warning_dag.py for tasks to queue
[2024-07-16T08:41:37.914+0000] {logging_mixin.py:188} INFO - [2024-07-16T08:41:37.914+0000] {dagbag.py:545} INFO - Filling up the DagBag from /opt/airflow/dags/warning_dag.py
[2024-07-16T08:41:37.919+0000] {processor.py:842} WARNING - No viable dags retrieved from /opt/airflow/dags/warning_dag.py
[2024-07-16T08:41:37.932+0000] {processor.py:183} INFO - Processing /opt/airflow/dags/warning_dag.py took 0.039 seconds
[2024-07-16T08:42:08.266+0000] {processor.py:161} INFO - Started process (PID=1054) to work on /opt/airflow/dags/warning_dag.py
[2024-07-16T08:42:08.268+0000] {processor.py:830} INFO - Processing file /opt/airflow/dags/warning_dag.py for tasks to queue
[2024-07-16T08:42:08.273+0000] {logging_mixin.py:188} INFO - [2024-07-16T08:42:08.273+0000] {dagbag.py:545} INFO - Filling up the DagBag from /opt/airflow/dags/warning_dag.py
[2024-07-16T08:42:08.280+0000] {processor.py:842} WARNING - No viable dags retrieved from /opt/airflow/dags/warning_dag.py
[2024-07-16T08:42:08.296+0000] {processor.py:183} INFO - Processing /opt/airflow/dags/warning_dag.py took 0.040 seconds
[2024-07-16T08:42:39.027+0000] {processor.py:161} INFO - Started process (PID=1114) to work on /opt/airflow/dags/warning_dag.py
[2024-07-16T08:42:39.029+0000] {processor.py:830} INFO - Processing file /opt/airflow/dags/warning_dag.py for tasks to queue
[2024-07-16T08:42:39.032+0000] {logging_mixin.py:188} INFO - [2024-07-16T08:42:39.031+0000] {dagbag.py:545} INFO - Filling up the DagBag from /opt/airflow/dags/warning_dag.py
[2024-07-16T08:42:39.037+0000] {processor.py:842} WARNING - No viable dags retrieved from /opt/airflow/dags/warning_dag.py
[2024-07-16T08:42:39.056+0000] {processor.py:183} INFO - Processing /opt/airflow/dags/warning_dag.py took 0.036 seconds
[2024-07-16T08:43:09.604+0000] {processor.py:161} INFO - Started process (PID=1174) to work on /opt/airflow/dags/warning_dag.py
[2024-07-16T08:43:09.606+0000] {processor.py:830} INFO - Processing file /opt/airflow/dags/warning_dag.py for tasks to queue
[2024-07-16T08:43:09.610+0000] {logging_mixin.py:188} INFO - [2024-07-16T08:43:09.609+0000] {dagbag.py:545} INFO - Filling up the DagBag from /opt/airflow/dags/warning_dag.py
[2024-07-16T08:43:09.622+0000] {processor.py:842} WARNING - No viable dags retrieved from /opt/airflow/dags/warning_dag.py
[2024-07-16T08:43:09.635+0000] {processor.py:183} INFO - Processing /opt/airflow/dags/warning_dag.py took 0.041 seconds
[2024-07-16T08:43:39.859+0000] {processor.py:161} INFO - Started process (PID=1234) to work on /opt/airflow/dags/warning_dag.py
[2024-07-16T08:43:39.861+0000] {processor.py:830} INFO - Processing file /opt/airflow/dags/warning_dag.py for tasks to queue
[2024-07-16T08:43:39.864+0000] {logging_mixin.py:188} INFO - [2024-07-16T08:43:39.863+0000] {dagbag.py:545} INFO - Filling up the DagBag from /opt/airflow/dags/warning_dag.py
[2024-07-16T08:43:39.869+0000] {processor.py:842} WARNING - No viable dags retrieved from /opt/airflow/dags/warning_dag.py
[2024-07-16T08:43:39.883+0000] {processor.py:183} INFO - Processing /opt/airflow/dags/warning_dag.py took 0.042 seconds
[2024-07-16T08:44:10.735+0000] {processor.py:161} INFO - Started process (PID=1294) to work on /opt/airflow/dags/warning_dag.py
[2024-07-16T08:44:10.737+0000] {processor.py:830} INFO - Processing file /opt/airflow/dags/warning_dag.py for tasks to queue
[2024-07-16T08:44:10.742+0000] {logging_mixin.py:188} INFO - [2024-07-16T08:44:10.741+0000] {dagbag.py:545} INFO - Filling up the DagBag from /opt/airflow/dags/warning_dag.py
[2024-07-16T08:44:10.747+0000] {processor.py:842} WARNING - No viable dags retrieved from /opt/airflow/dags/warning_dag.py
[2024-07-16T08:44:10.767+0000] {processor.py:183} INFO - Processing /opt/airflow/dags/warning_dag.py took 0.044 seconds
[2024-07-16T08:44:41.275+0000] {processor.py:161} INFO - Started process (PID=1354) to work on /opt/airflow/dags/warning_dag.py
[2024-07-16T08:44:41.277+0000] {processor.py:830} INFO - Processing file /opt/airflow/dags/warning_dag.py for tasks to queue
[2024-07-16T08:44:41.279+0000] {logging_mixin.py:188} INFO - [2024-07-16T08:44:41.278+0000] {dagbag.py:545} INFO - Filling up the DagBag from /opt/airflow/dags/warning_dag.py
[2024-07-16T08:44:41.286+0000] {processor.py:842} WARNING - No viable dags retrieved from /opt/airflow/dags/warning_dag.py
[2024-07-16T08:44:41.312+0000] {processor.py:183} INFO - Processing /opt/airflow/dags/warning_dag.py took 0.042 seconds
[2024-07-16T08:45:11.875+0000] {processor.py:161} INFO - Started process (PID=1414) to work on /opt/airflow/dags/warning_dag.py
[2024-07-16T08:45:11.877+0000] {processor.py:830} INFO - Processing file /opt/airflow/dags/warning_dag.py for tasks to queue
[2024-07-16T08:45:11.880+0000] {logging_mixin.py:188} INFO - [2024-07-16T08:45:11.880+0000] {dagbag.py:545} INFO - Filling up the DagBag from /opt/airflow/dags/warning_dag.py
[2024-07-16T08:45:11.884+0000] {processor.py:842} WARNING - No viable dags retrieved from /opt/airflow/dags/warning_dag.py
[2024-07-16T08:45:11.898+0000] {processor.py:183} INFO - Processing /opt/airflow/dags/warning_dag.py took 0.033 seconds
[2024-07-16T08:45:42.318+0000] {processor.py:161} INFO - Started process (PID=1474) to work on /opt/airflow/dags/warning_dag.py
[2024-07-16T08:45:42.320+0000] {processor.py:830} INFO - Processing file /opt/airflow/dags/warning_dag.py for tasks to queue
[2024-07-16T08:45:42.322+0000] {logging_mixin.py:188} INFO - [2024-07-16T08:45:42.321+0000] {dagbag.py:545} INFO - Filling up the DagBag from /opt/airflow/dags/warning_dag.py
[2024-07-16T08:45:42.325+0000] {processor.py:842} WARNING - No viable dags retrieved from /opt/airflow/dags/warning_dag.py
[2024-07-16T08:45:42.338+0000] {processor.py:183} INFO - Processing /opt/airflow/dags/warning_dag.py took 0.027 seconds
[2024-07-16T08:46:12.895+0000] {processor.py:161} INFO - Started process (PID=1534) to work on /opt/airflow/dags/warning_dag.py
[2024-07-16T08:46:12.897+0000] {processor.py:830} INFO - Processing file /opt/airflow/dags/warning_dag.py for tasks to queue
[2024-07-16T08:46:12.901+0000] {logging_mixin.py:188} INFO - [2024-07-16T08:46:12.900+0000] {dagbag.py:545} INFO - Filling up the DagBag from /opt/airflow/dags/warning_dag.py
[2024-07-16T08:46:12.908+0000] {processor.py:842} WARNING - No viable dags retrieved from /opt/airflow/dags/warning_dag.py
[2024-07-16T08:46:12.940+0000] {processor.py:183} INFO - Processing /opt/airflow/dags/warning_dag.py took 0.055 seconds
[2024-07-16T08:46:43.738+0000] {processor.py:161} INFO - Started process (PID=1594) to work on /opt/airflow/dags/warning_dag.py
[2024-07-16T08:46:43.740+0000] {processor.py:830} INFO - Processing file /opt/airflow/dags/warning_dag.py for tasks to queue
[2024-07-16T08:46:43.745+0000] {logging_mixin.py:188} INFO - [2024-07-16T08:46:43.745+0000] {dagbag.py:545} INFO - Filling up the DagBag from /opt/airflow/dags/warning_dag.py
[2024-07-16T08:46:43.750+0000] {processor.py:842} WARNING - No viable dags retrieved from /opt/airflow/dags/warning_dag.py
[2024-07-16T08:46:43.767+0000] {processor.py:183} INFO - Processing /opt/airflow/dags/warning_dag.py took 0.037 seconds
[2024-07-16T08:47:14.394+0000] {processor.py:161} INFO - Started process (PID=1654) to work on /opt/airflow/dags/warning_dag.py
[2024-07-16T08:47:14.396+0000] {processor.py:830} INFO - Processing file /opt/airflow/dags/warning_dag.py for tasks to queue
[2024-07-16T08:47:14.403+0000] {logging_mixin.py:188} INFO - [2024-07-16T08:47:14.402+0000] {dagbag.py:545} INFO - Filling up the DagBag from /opt/airflow/dags/warning_dag.py
[2024-07-16T08:47:14.413+0000] {processor.py:842} WARNING - No viable dags retrieved from /opt/airflow/dags/warning_dag.py
[2024-07-16T08:47:14.467+0000] {processor.py:183} INFO - Processing /opt/airflow/dags/warning_dag.py took 0.097 seconds
[2024-07-16T08:47:45.258+0000] {processor.py:161} INFO - Started process (PID=1713) to work on /opt/airflow/dags/warning_dag.py
[2024-07-16T08:47:45.259+0000] {processor.py:830} INFO - Processing file /opt/airflow/dags/warning_dag.py for tasks to queue
[2024-07-16T08:47:45.263+0000] {logging_mixin.py:188} INFO - [2024-07-16T08:47:45.263+0000] {dagbag.py:545} INFO - Filling up the DagBag from /opt/airflow/dags/warning_dag.py
[2024-07-16T08:47:45.284+0000] {processor.py:842} WARNING - No viable dags retrieved from /opt/airflow/dags/warning_dag.py
[2024-07-16T08:47:45.348+0000] {processor.py:183} INFO - Processing /opt/airflow/dags/warning_dag.py took 0.100 seconds
[2024-07-16T08:48:16.063+0000] {processor.py:161} INFO - Started process (PID=1773) to work on /opt/airflow/dags/warning_dag.py
[2024-07-16T08:48:16.064+0000] {processor.py:830} INFO - Processing file /opt/airflow/dags/warning_dag.py for tasks to queue
[2024-07-16T08:48:16.068+0000] {logging_mixin.py:188} INFO - [2024-07-16T08:48:16.068+0000] {dagbag.py:545} INFO - Filling up the DagBag from /opt/airflow/dags/warning_dag.py
[2024-07-16T08:48:16.074+0000] {processor.py:842} WARNING - No viable dags retrieved from /opt/airflow/dags/warning_dag.py
[2024-07-16T08:48:16.092+0000] {processor.py:183} INFO - Processing /opt/airflow/dags/warning_dag.py took 0.056 seconds
[2024-07-16T08:48:46.758+0000] {processor.py:161} INFO - Started process (PID=1833) to work on /opt/airflow/dags/warning_dag.py
[2024-07-16T08:48:46.760+0000] {processor.py:830} INFO - Processing file /opt/airflow/dags/warning_dag.py for tasks to queue
[2024-07-16T08:48:46.763+0000] {logging_mixin.py:188} INFO - [2024-07-16T08:48:46.763+0000] {dagbag.py:545} INFO - Filling up the DagBag from /opt/airflow/dags/warning_dag.py
[2024-07-16T08:48:46.768+0000] {processor.py:842} WARNING - No viable dags retrieved from /opt/airflow/dags/warning_dag.py
[2024-07-16T08:48:46.783+0000] {processor.py:183} INFO - Processing /opt/airflow/dags/warning_dag.py took 0.048 seconds
[2024-07-16T08:49:17.067+0000] {processor.py:161} INFO - Started process (PID=1893) to work on /opt/airflow/dags/warning_dag.py
[2024-07-16T08:49:17.068+0000] {processor.py:830} INFO - Processing file /opt/airflow/dags/warning_dag.py for tasks to queue
[2024-07-16T08:49:17.072+0000] {logging_mixin.py:188} INFO - [2024-07-16T08:49:17.071+0000] {dagbag.py:545} INFO - Filling up the DagBag from /opt/airflow/dags/warning_dag.py
[2024-07-16T08:49:17.078+0000] {processor.py:842} WARNING - No viable dags retrieved from /opt/airflow/dags/warning_dag.py
[2024-07-16T08:49:17.099+0000] {processor.py:183} INFO - Processing /opt/airflow/dags/warning_dag.py took 0.042 seconds
[2024-07-16T08:49:47.538+0000] {processor.py:161} INFO - Started process (PID=1953) to work on /opt/airflow/dags/warning_dag.py
[2024-07-16T08:49:47.539+0000] {processor.py:830} INFO - Processing file /opt/airflow/dags/warning_dag.py for tasks to queue
[2024-07-16T08:49:47.542+0000] {logging_mixin.py:188} INFO - [2024-07-16T08:49:47.542+0000] {dagbag.py:545} INFO - Filling up the DagBag from /opt/airflow/dags/warning_dag.py
[2024-07-16T08:49:47.548+0000] {processor.py:842} WARNING - No viable dags retrieved from /opt/airflow/dags/warning_dag.py
[2024-07-16T08:49:47.562+0000] {processor.py:183} INFO - Processing /opt/airflow/dags/warning_dag.py took 0.031 seconds
[2024-07-16T08:50:18.046+0000] {processor.py:161} INFO - Started process (PID=2013) to work on /opt/airflow/dags/warning_dag.py
[2024-07-16T08:50:18.048+0000] {processor.py:830} INFO - Processing file /opt/airflow/dags/warning_dag.py for tasks to queue
[2024-07-16T08:50:18.052+0000] {logging_mixin.py:188} INFO - [2024-07-16T08:50:18.052+0000] {dagbag.py:545} INFO - Filling up the DagBag from /opt/airflow/dags/warning_dag.py
[2024-07-16T08:50:18.059+0000] {processor.py:842} WARNING - No viable dags retrieved from /opt/airflow/dags/warning_dag.py
[2024-07-16T08:50:18.092+0000] {processor.py:183} INFO - Processing /opt/airflow/dags/warning_dag.py took 0.067 seconds
[2024-07-16T08:51:59.147+0000] {processor.py:161} INFO - Started process (PID=31) to work on /opt/airflow/dags/warning_dag.py
[2024-07-16T08:51:59.153+0000] {processor.py:830} INFO - Processing file /opt/airflow/dags/warning_dag.py for tasks to queue
[2024-07-16T08:51:59.184+0000] {logging_mixin.py:188} INFO - [2024-07-16T08:51:59.183+0000] {dagbag.py:545} INFO - Filling up the DagBag from /opt/airflow/dags/warning_dag.py
[2024-07-16T08:51:59.198+0000] {processor.py:842} WARNING - No viable dags retrieved from /opt/airflow/dags/warning_dag.py
[2024-07-16T08:51:59.234+0000] {processor.py:183} INFO - Processing /opt/airflow/dags/warning_dag.py took 0.107 seconds
[2024-07-16T08:52:29.922+0000] {processor.py:161} INFO - Started process (PID=91) to work on /opt/airflow/dags/warning_dag.py
[2024-07-16T08:52:29.923+0000] {processor.py:830} INFO - Processing file /opt/airflow/dags/warning_dag.py for tasks to queue
[2024-07-16T08:52:29.927+0000] {logging_mixin.py:188} INFO - [2024-07-16T08:52:29.926+0000] {dagbag.py:545} INFO - Filling up the DagBag from /opt/airflow/dags/warning_dag.py
[2024-07-16T08:52:29.934+0000] {processor.py:842} WARNING - No viable dags retrieved from /opt/airflow/dags/warning_dag.py
[2024-07-16T08:52:29.956+0000] {processor.py:183} INFO - Processing /opt/airflow/dags/warning_dag.py took 0.040 seconds
[2024-07-16T08:53:00.560+0000] {processor.py:161} INFO - Started process (PID=151) to work on /opt/airflow/dags/warning_dag.py
[2024-07-16T08:53:00.562+0000] {processor.py:830} INFO - Processing file /opt/airflow/dags/warning_dag.py for tasks to queue
[2024-07-16T08:53:00.571+0000] {logging_mixin.py:188} INFO - [2024-07-16T08:53:00.569+0000] {dagbag.py:545} INFO - Filling up the DagBag from /opt/airflow/dags/warning_dag.py
[2024-07-16T08:53:00.581+0000] {processor.py:842} WARNING - No viable dags retrieved from /opt/airflow/dags/warning_dag.py
[2024-07-16T08:53:00.614+0000] {processor.py:183} INFO - Processing /opt/airflow/dags/warning_dag.py took 0.063 seconds
[2024-07-16T08:53:30.904+0000] {processor.py:161} INFO - Started process (PID=210) to work on /opt/airflow/dags/warning_dag.py
[2024-07-16T08:53:30.907+0000] {processor.py:830} INFO - Processing file /opt/airflow/dags/warning_dag.py for tasks to queue
[2024-07-16T08:53:30.912+0000] {logging_mixin.py:188} INFO - [2024-07-16T08:53:30.911+0000] {dagbag.py:545} INFO - Filling up the DagBag from /opt/airflow/dags/warning_dag.py
[2024-07-16T08:53:30.919+0000] {processor.py:842} WARNING - No viable dags retrieved from /opt/airflow/dags/warning_dag.py
[2024-07-16T08:53:30.970+0000] {processor.py:183} INFO - Processing /opt/airflow/dags/warning_dag.py took 0.082 seconds
[2024-07-16T08:54:01.448+0000] {processor.py:161} INFO - Started process (PID=271) to work on /opt/airflow/dags/warning_dag.py
[2024-07-16T08:54:01.451+0000] {processor.py:830} INFO - Processing file /opt/airflow/dags/warning_dag.py for tasks to queue
[2024-07-16T08:54:01.461+0000] {logging_mixin.py:188} INFO - [2024-07-16T08:54:01.457+0000] {dagbag.py:545} INFO - Filling up the DagBag from /opt/airflow/dags/warning_dag.py
[2024-07-16T08:54:01.469+0000] {processor.py:842} WARNING - No viable dags retrieved from /opt/airflow/dags/warning_dag.py
[2024-07-16T08:54:01.492+0000] {processor.py:183} INFO - Processing /opt/airflow/dags/warning_dag.py took 0.057 seconds
[2024-07-16T08:54:31.865+0000] {processor.py:161} INFO - Started process (PID=331) to work on /opt/airflow/dags/warning_dag.py
[2024-07-16T08:54:31.868+0000] {processor.py:830} INFO - Processing file /opt/airflow/dags/warning_dag.py for tasks to queue
[2024-07-16T08:54:31.904+0000] {logging_mixin.py:188} INFO - [2024-07-16T08:54:31.903+0000] {dagbag.py:545} INFO - Filling up the DagBag from /opt/airflow/dags/warning_dag.py
[2024-07-16T08:54:31.911+0000] {processor.py:842} WARNING - No viable dags retrieved from /opt/airflow/dags/warning_dag.py
[2024-07-16T08:54:31.998+0000] {processor.py:183} INFO - Processing /opt/airflow/dags/warning_dag.py took 0.169 seconds
[2024-07-16T08:55:02.751+0000] {processor.py:161} INFO - Started process (PID=391) to work on /opt/airflow/dags/warning_dag.py
[2024-07-16T08:55:02.757+0000] {processor.py:830} INFO - Processing file /opt/airflow/dags/warning_dag.py for tasks to queue
[2024-07-16T08:55:02.782+0000] {logging_mixin.py:188} INFO - [2024-07-16T08:55:02.779+0000] {dagbag.py:545} INFO - Filling up the DagBag from /opt/airflow/dags/warning_dag.py
[2024-07-16T08:55:02.793+0000] {processor.py:842} WARNING - No viable dags retrieved from /opt/airflow/dags/warning_dag.py
[2024-07-16T08:55:02.842+0000] {processor.py:183} INFO - Processing /opt/airflow/dags/warning_dag.py took 0.126 seconds
[2024-07-16T08:55:32.927+0000] {processor.py:161} INFO - Started process (PID=450) to work on /opt/airflow/dags/warning_dag.py
[2024-07-16T08:55:32.930+0000] {processor.py:830} INFO - Processing file /opt/airflow/dags/warning_dag.py for tasks to queue
[2024-07-16T08:55:32.938+0000] {logging_mixin.py:188} INFO - [2024-07-16T08:55:32.935+0000] {dagbag.py:545} INFO - Filling up the DagBag from /opt/airflow/dags/warning_dag.py
[2024-07-16T08:55:32.946+0000] {processor.py:842} WARNING - No viable dags retrieved from /opt/airflow/dags/warning_dag.py
[2024-07-16T08:55:32.981+0000] {processor.py:183} INFO - Processing /opt/airflow/dags/warning_dag.py took 0.071 seconds
[2024-07-16T08:56:03.524+0000] {processor.py:161} INFO - Started process (PID=511) to work on /opt/airflow/dags/warning_dag.py
[2024-07-16T08:56:03.525+0000] {processor.py:830} INFO - Processing file /opt/airflow/dags/warning_dag.py for tasks to queue
[2024-07-16T08:56:03.529+0000] {logging_mixin.py:188} INFO - [2024-07-16T08:56:03.528+0000] {dagbag.py:545} INFO - Filling up the DagBag from /opt/airflow/dags/warning_dag.py
[2024-07-16T08:56:03.536+0000] {processor.py:842} WARNING - No viable dags retrieved from /opt/airflow/dags/warning_dag.py
[2024-07-16T08:56:03.556+0000] {processor.py:183} INFO - Processing /opt/airflow/dags/warning_dag.py took 0.052 seconds
[2024-07-16T08:56:34.510+0000] {processor.py:161} INFO - Started process (PID=571) to work on /opt/airflow/dags/warning_dag.py
[2024-07-16T08:56:34.593+0000] {processor.py:830} INFO - Processing file /opt/airflow/dags/warning_dag.py for tasks to queue
[2024-07-16T08:56:34.613+0000] {logging_mixin.py:188} INFO - [2024-07-16T08:56:34.610+0000] {dagbag.py:545} INFO - Filling up the DagBag from /opt/airflow/dags/warning_dag.py
[2024-07-16T08:56:34.691+0000] {processor.py:842} WARNING - No viable dags retrieved from /opt/airflow/dags/warning_dag.py
[2024-07-16T08:56:34.915+0000] {processor.py:183} INFO - Processing /opt/airflow/dags/warning_dag.py took 0.552 seconds
[2024-07-16T08:58:18.745+0000] {processor.py:161} INFO - Started process (PID=37) to work on /opt/airflow/dags/warning_dag.py
[2024-07-16T08:58:18.748+0000] {processor.py:830} INFO - Processing file /opt/airflow/dags/warning_dag.py for tasks to queue
[2024-07-16T08:58:18.762+0000] {logging_mixin.py:188} INFO - [2024-07-16T08:58:18.761+0000] {dagbag.py:545} INFO - Filling up the DagBag from /opt/airflow/dags/warning_dag.py
[2024-07-16T08:58:18.778+0000] {processor.py:842} WARNING - No viable dags retrieved from /opt/airflow/dags/warning_dag.py
[2024-07-16T08:58:18.815+0000] {processor.py:183} INFO - Processing /opt/airflow/dags/warning_dag.py took 0.111 seconds
[2024-07-16T09:07:03.553+0000] {processor.py:161} INFO - Started process (PID=31) to work on /opt/airflow/dags/warning_dag.py
[2024-07-16T09:07:03.564+0000] {processor.py:830} INFO - Processing file /opt/airflow/dags/warning_dag.py for tasks to queue
[2024-07-16T09:07:03.623+0000] {logging_mixin.py:188} INFO - [2024-07-16T09:07:03.622+0000] {dagbag.py:545} INFO - Filling up the DagBag from /opt/airflow/dags/warning_dag.py
[2024-07-16T09:07:03.629+0000] {processor.py:842} WARNING - No viable dags retrieved from /opt/airflow/dags/warning_dag.py
[2024-07-16T09:07:03.686+0000] {processor.py:183} INFO - Processing /opt/airflow/dags/warning_dag.py took 0.153 seconds
[2024-07-16T09:07:33.818+0000] {processor.py:161} INFO - Started process (PID=90) to work on /opt/airflow/dags/warning_dag.py
[2024-07-16T09:07:33.821+0000] {processor.py:830} INFO - Processing file /opt/airflow/dags/warning_dag.py for tasks to queue
[2024-07-16T09:07:33.838+0000] {logging_mixin.py:188} INFO - [2024-07-16T09:07:33.835+0000] {dagbag.py:545} INFO - Filling up the DagBag from /opt/airflow/dags/warning_dag.py
[2024-07-16T09:07:33.872+0000] {processor.py:842} WARNING - No viable dags retrieved from /opt/airflow/dags/warning_dag.py
[2024-07-16T09:07:33.921+0000] {processor.py:183} INFO - Processing /opt/airflow/dags/warning_dag.py took 0.115 seconds
[2024-07-16T09:08:04.365+0000] {processor.py:161} INFO - Started process (PID=150) to work on /opt/airflow/dags/warning_dag.py
[2024-07-16T09:08:04.368+0000] {processor.py:830} INFO - Processing file /opt/airflow/dags/warning_dag.py for tasks to queue
[2024-07-16T09:08:04.381+0000] {logging_mixin.py:188} INFO - [2024-07-16T09:08:04.380+0000] {dagbag.py:545} INFO - Filling up the DagBag from /opt/airflow/dags/warning_dag.py
[2024-07-16T09:08:04.399+0000] {processor.py:842} WARNING - No viable dags retrieved from /opt/airflow/dags/warning_dag.py
[2024-07-16T09:08:04.425+0000] {processor.py:183} INFO - Processing /opt/airflow/dags/warning_dag.py took 0.070 seconds
[2024-07-16T09:08:34.531+0000] {processor.py:161} INFO - Started process (PID=210) to work on /opt/airflow/dags/warning_dag.py
[2024-07-16T09:08:34.533+0000] {processor.py:830} INFO - Processing file /opt/airflow/dags/warning_dag.py for tasks to queue
[2024-07-16T09:08:34.538+0000] {logging_mixin.py:188} INFO - [2024-07-16T09:08:34.537+0000] {dagbag.py:545} INFO - Filling up the DagBag from /opt/airflow/dags/warning_dag.py
[2024-07-16T09:08:34.544+0000] {processor.py:842} WARNING - No viable dags retrieved from /opt/airflow/dags/warning_dag.py
[2024-07-16T09:08:34.568+0000] {processor.py:183} INFO - Processing /opt/airflow/dags/warning_dag.py took 0.050 seconds
[2024-07-16T09:09:04.792+0000] {processor.py:161} INFO - Started process (PID=270) to work on /opt/airflow/dags/warning_dag.py
[2024-07-16T09:09:04.795+0000] {processor.py:830} INFO - Processing file /opt/airflow/dags/warning_dag.py for tasks to queue
[2024-07-16T09:09:04.801+0000] {logging_mixin.py:188} INFO - [2024-07-16T09:09:04.800+0000] {dagbag.py:545} INFO - Filling up the DagBag from /opt/airflow/dags/warning_dag.py
[2024-07-16T09:09:04.807+0000] {processor.py:842} WARNING - No viable dags retrieved from /opt/airflow/dags/warning_dag.py
[2024-07-16T09:09:04.826+0000] {processor.py:183} INFO - Processing /opt/airflow/dags/warning_dag.py took 0.050 seconds
[2024-07-16T09:09:35.149+0000] {processor.py:161} INFO - Started process (PID=330) to work on /opt/airflow/dags/warning_dag.py
[2024-07-16T09:09:35.150+0000] {processor.py:830} INFO - Processing file /opt/airflow/dags/warning_dag.py for tasks to queue
[2024-07-16T09:09:35.154+0000] {logging_mixin.py:188} INFO - [2024-07-16T09:09:35.154+0000] {dagbag.py:545} INFO - Filling up the DagBag from /opt/airflow/dags/warning_dag.py
[2024-07-16T09:09:35.160+0000] {processor.py:842} WARNING - No viable dags retrieved from /opt/airflow/dags/warning_dag.py
[2024-07-16T09:09:35.177+0000] {processor.py:183} INFO - Processing /opt/airflow/dags/warning_dag.py took 0.043 seconds
[2024-07-16T09:10:05.667+0000] {processor.py:161} INFO - Started process (PID=390) to work on /opt/airflow/dags/warning_dag.py
[2024-07-16T09:10:05.669+0000] {processor.py:830} INFO - Processing file /opt/airflow/dags/warning_dag.py for tasks to queue
[2024-07-16T09:10:05.677+0000] {logging_mixin.py:188} INFO - [2024-07-16T09:10:05.675+0000] {dagbag.py:545} INFO - Filling up the DagBag from /opt/airflow/dags/warning_dag.py
[2024-07-16T09:10:05.682+0000] {processor.py:842} WARNING - No viable dags retrieved from /opt/airflow/dags/warning_dag.py
[2024-07-16T09:10:05.698+0000] {processor.py:183} INFO - Processing /opt/airflow/dags/warning_dag.py took 0.066 seconds
[2024-07-16T09:10:36.050+0000] {processor.py:161} INFO - Started process (PID=450) to work on /opt/airflow/dags/warning_dag.py
[2024-07-16T09:10:36.054+0000] {processor.py:830} INFO - Processing file /opt/airflow/dags/warning_dag.py for tasks to queue
[2024-07-16T09:10:36.068+0000] {logging_mixin.py:188} INFO - [2024-07-16T09:10:36.067+0000] {dagbag.py:545} INFO - Filling up the DagBag from /opt/airflow/dags/warning_dag.py
[2024-07-16T09:10:36.075+0000] {processor.py:842} WARNING - No viable dags retrieved from /opt/airflow/dags/warning_dag.py
[2024-07-16T09:10:36.096+0000] {processor.py:183} INFO - Processing /opt/airflow/dags/warning_dag.py took 0.062 seconds
[2024-07-16T09:11:06.280+0000] {processor.py:161} INFO - Started process (PID=510) to work on /opt/airflow/dags/warning_dag.py
[2024-07-16T09:11:06.283+0000] {processor.py:830} INFO - Processing file /opt/airflow/dags/warning_dag.py for tasks to queue
[2024-07-16T09:11:06.293+0000] {logging_mixin.py:188} INFO - [2024-07-16T09:11:06.292+0000] {dagbag.py:545} INFO - Filling up the DagBag from /opt/airflow/dags/warning_dag.py
[2024-07-16T09:11:06.297+0000] {processor.py:842} WARNING - No viable dags retrieved from /opt/airflow/dags/warning_dag.py
[2024-07-16T09:11:06.310+0000] {processor.py:183} INFO - Processing /opt/airflow/dags/warning_dag.py took 0.054 seconds
[2024-07-16T09:11:36.609+0000] {processor.py:161} INFO - Started process (PID=570) to work on /opt/airflow/dags/warning_dag.py
[2024-07-16T09:11:36.612+0000] {processor.py:830} INFO - Processing file /opt/airflow/dags/warning_dag.py for tasks to queue
[2024-07-16T09:11:36.616+0000] {logging_mixin.py:188} INFO - [2024-07-16T09:11:36.615+0000] {dagbag.py:545} INFO - Filling up the DagBag from /opt/airflow/dags/warning_dag.py
[2024-07-16T09:11:36.619+0000] {processor.py:842} WARNING - No viable dags retrieved from /opt/airflow/dags/warning_dag.py
[2024-07-16T09:11:36.648+0000] {processor.py:183} INFO - Processing /opt/airflow/dags/warning_dag.py took 0.044 seconds
[2024-07-16T09:12:07.174+0000] {processor.py:161} INFO - Started process (PID=630) to work on /opt/airflow/dags/warning_dag.py
[2024-07-16T09:12:07.176+0000] {processor.py:830} INFO - Processing file /opt/airflow/dags/warning_dag.py for tasks to queue
[2024-07-16T09:12:07.180+0000] {logging_mixin.py:188} INFO - [2024-07-16T09:12:07.180+0000] {dagbag.py:545} INFO - Filling up the DagBag from /opt/airflow/dags/warning_dag.py
[2024-07-16T09:12:07.185+0000] {processor.py:842} WARNING - No viable dags retrieved from /opt/airflow/dags/warning_dag.py
[2024-07-16T09:12:07.202+0000] {processor.py:183} INFO - Processing /opt/airflow/dags/warning_dag.py took 0.038 seconds
[2024-07-16T09:12:37.389+0000] {processor.py:161} INFO - Started process (PID=690) to work on /opt/airflow/dags/warning_dag.py
[2024-07-16T09:12:37.391+0000] {processor.py:830} INFO - Processing file /opt/airflow/dags/warning_dag.py for tasks to queue
[2024-07-16T09:12:37.395+0000] {logging_mixin.py:188} INFO - [2024-07-16T09:12:37.394+0000] {dagbag.py:545} INFO - Filling up the DagBag from /opt/airflow/dags/warning_dag.py
[2024-07-16T09:12:37.400+0000] {processor.py:842} WARNING - No viable dags retrieved from /opt/airflow/dags/warning_dag.py
[2024-07-16T09:12:37.420+0000] {processor.py:183} INFO - Processing /opt/airflow/dags/warning_dag.py took 0.043 seconds
[2024-07-16T09:13:07.919+0000] {processor.py:161} INFO - Started process (PID=750) to work on /opt/airflow/dags/warning_dag.py
[2024-07-16T09:13:07.921+0000] {processor.py:830} INFO - Processing file /opt/airflow/dags/warning_dag.py for tasks to queue
[2024-07-16T09:13:07.925+0000] {logging_mixin.py:188} INFO - [2024-07-16T09:13:07.924+0000] {dagbag.py:545} INFO - Filling up the DagBag from /opt/airflow/dags/warning_dag.py
[2024-07-16T09:13:07.931+0000] {processor.py:842} WARNING - No viable dags retrieved from /opt/airflow/dags/warning_dag.py
[2024-07-16T09:13:07.945+0000] {processor.py:183} INFO - Processing /opt/airflow/dags/warning_dag.py took 0.038 seconds
[2024-07-16T09:13:38.032+0000] {processor.py:161} INFO - Started process (PID=810) to work on /opt/airflow/dags/warning_dag.py
[2024-07-16T09:13:38.034+0000] {processor.py:830} INFO - Processing file /opt/airflow/dags/warning_dag.py for tasks to queue
[2024-07-16T09:13:38.036+0000] {logging_mixin.py:188} INFO - [2024-07-16T09:13:38.036+0000] {dagbag.py:545} INFO - Filling up the DagBag from /opt/airflow/dags/warning_dag.py
[2024-07-16T09:13:38.042+0000] {processor.py:842} WARNING - No viable dags retrieved from /opt/airflow/dags/warning_dag.py
[2024-07-16T09:13:38.073+0000] {processor.py:183} INFO - Processing /opt/airflow/dags/warning_dag.py took 0.049 seconds
[2024-07-16T09:25:04.424+0000] {processor.py:161} INFO - Started process (PID=32) to work on /opt/airflow/dags/warning_dag.py
[2024-07-16T09:25:04.428+0000] {processor.py:830} INFO - Processing file /opt/airflow/dags/warning_dag.py for tasks to queue
[2024-07-16T09:25:04.446+0000] {logging_mixin.py:188} INFO - [2024-07-16T09:25:04.445+0000] {dagbag.py:545} INFO - Filling up the DagBag from /opt/airflow/dags/warning_dag.py
[2024-07-16T09:25:04.452+0000] {processor.py:842} WARNING - No viable dags retrieved from /opt/airflow/dags/warning_dag.py
[2024-07-16T09:25:04.499+0000] {processor.py:183} INFO - Processing /opt/airflow/dags/warning_dag.py took 0.106 seconds
[2024-07-16T09:25:34.926+0000] {processor.py:161} INFO - Started process (PID=91) to work on /opt/airflow/dags/warning_dag.py
[2024-07-16T09:25:34.929+0000] {processor.py:830} INFO - Processing file /opt/airflow/dags/warning_dag.py for tasks to queue
[2024-07-16T09:25:34.932+0000] {logging_mixin.py:188} INFO - [2024-07-16T09:25:34.932+0000] {dagbag.py:545} INFO - Filling up the DagBag from /opt/airflow/dags/warning_dag.py
[2024-07-16T09:25:34.946+0000] {processor.py:842} WARNING - No viable dags retrieved from /opt/airflow/dags/warning_dag.py
[2024-07-16T09:25:34.972+0000] {processor.py:183} INFO - Processing /opt/airflow/dags/warning_dag.py took 0.058 seconds
[2024-07-16T09:26:05.093+0000] {processor.py:161} INFO - Started process (PID=151) to work on /opt/airflow/dags/warning_dag.py
[2024-07-16T09:26:05.095+0000] {processor.py:830} INFO - Processing file /opt/airflow/dags/warning_dag.py for tasks to queue
[2024-07-16T09:26:05.099+0000] {logging_mixin.py:188} INFO - [2024-07-16T09:26:05.098+0000] {dagbag.py:545} INFO - Filling up the DagBag from /opt/airflow/dags/warning_dag.py
[2024-07-16T09:26:05.106+0000] {processor.py:842} WARNING - No viable dags retrieved from /opt/airflow/dags/warning_dag.py
[2024-07-16T09:26:05.132+0000] {processor.py:183} INFO - Processing /opt/airflow/dags/warning_dag.py took 0.052 seconds
[2024-07-16T09:26:35.351+0000] {processor.py:161} INFO - Started process (PID=212) to work on /opt/airflow/dags/warning_dag.py
[2024-07-16T09:26:35.353+0000] {processor.py:830} INFO - Processing file /opt/airflow/dags/warning_dag.py for tasks to queue
[2024-07-16T09:26:35.356+0000] {logging_mixin.py:188} INFO - [2024-07-16T09:26:35.355+0000] {dagbag.py:545} INFO - Filling up the DagBag from /opt/airflow/dags/warning_dag.py
[2024-07-16T09:26:35.361+0000] {processor.py:842} WARNING - No viable dags retrieved from /opt/airflow/dags/warning_dag.py
[2024-07-16T09:26:35.381+0000] {processor.py:183} INFO - Processing /opt/airflow/dags/warning_dag.py took 0.036 seconds
[2024-07-16T09:27:05.580+0000] {processor.py:161} INFO - Started process (PID=272) to work on /opt/airflow/dags/warning_dag.py
[2024-07-16T09:27:05.589+0000] {processor.py:830} INFO - Processing file /opt/airflow/dags/warning_dag.py for tasks to queue
[2024-07-16T09:27:05.593+0000] {logging_mixin.py:188} INFO - [2024-07-16T09:27:05.593+0000] {dagbag.py:545} INFO - Filling up the DagBag from /opt/airflow/dags/warning_dag.py
[2024-07-16T09:27:05.599+0000] {processor.py:842} WARNING - No viable dags retrieved from /opt/airflow/dags/warning_dag.py
[2024-07-16T09:27:05.615+0000] {processor.py:183} INFO - Processing /opt/airflow/dags/warning_dag.py took 0.046 seconds
[2024-07-16T09:27:36.129+0000] {processor.py:161} INFO - Started process (PID=332) to work on /opt/airflow/dags/warning_dag.py
[2024-07-16T09:27:36.136+0000] {processor.py:830} INFO - Processing file /opt/airflow/dags/warning_dag.py for tasks to queue
[2024-07-16T09:27:36.144+0000] {logging_mixin.py:188} INFO - [2024-07-16T09:27:36.143+0000] {dagbag.py:545} INFO - Filling up the DagBag from /opt/airflow/dags/warning_dag.py
[2024-07-16T09:27:36.150+0000] {processor.py:842} WARNING - No viable dags retrieved from /opt/airflow/dags/warning_dag.py
[2024-07-16T09:27:36.167+0000] {processor.py:183} INFO - Processing /opt/airflow/dags/warning_dag.py took 0.051 seconds
[2024-07-16T09:28:06.834+0000] {processor.py:161} INFO - Started process (PID=392) to work on /opt/airflow/dags/warning_dag.py
[2024-07-16T09:28:06.835+0000] {processor.py:830} INFO - Processing file /opt/airflow/dags/warning_dag.py for tasks to queue
[2024-07-16T09:28:06.837+0000] {logging_mixin.py:188} INFO - [2024-07-16T09:28:06.837+0000] {dagbag.py:545} INFO - Filling up the DagBag from /opt/airflow/dags/warning_dag.py
[2024-07-16T09:28:06.842+0000] {processor.py:842} WARNING - No viable dags retrieved from /opt/airflow/dags/warning_dag.py
[2024-07-16T09:28:06.878+0000] {processor.py:183} INFO - Processing /opt/airflow/dags/warning_dag.py took 0.053 seconds
[2024-07-16T09:28:37.230+0000] {processor.py:161} INFO - Started process (PID=452) to work on /opt/airflow/dags/warning_dag.py
[2024-07-16T09:28:37.232+0000] {processor.py:830} INFO - Processing file /opt/airflow/dags/warning_dag.py for tasks to queue
[2024-07-16T09:28:37.236+0000] {logging_mixin.py:188} INFO - [2024-07-16T09:28:37.235+0000] {dagbag.py:545} INFO - Filling up the DagBag from /opt/airflow/dags/warning_dag.py
[2024-07-16T09:28:37.241+0000] {processor.py:842} WARNING - No viable dags retrieved from /opt/airflow/dags/warning_dag.py
[2024-07-16T09:28:37.256+0000] {processor.py:183} INFO - Processing /opt/airflow/dags/warning_dag.py took 0.033 seconds
[2024-07-16T09:29:07.526+0000] {processor.py:161} INFO - Started process (PID=512) to work on /opt/airflow/dags/warning_dag.py
[2024-07-16T09:29:07.529+0000] {processor.py:830} INFO - Processing file /opt/airflow/dags/warning_dag.py for tasks to queue
[2024-07-16T09:29:07.537+0000] {logging_mixin.py:188} INFO - [2024-07-16T09:29:07.537+0000] {dagbag.py:545} INFO - Filling up the DagBag from /opt/airflow/dags/warning_dag.py
[2024-07-16T09:29:07.548+0000] {processor.py:842} WARNING - No viable dags retrieved from /opt/airflow/dags/warning_dag.py
[2024-07-16T09:29:07.656+0000] {processor.py:183} INFO - Processing /opt/airflow/dags/warning_dag.py took 0.141 seconds
[2024-07-16T09:29:38.039+0000] {processor.py:161} INFO - Started process (PID=572) to work on /opt/airflow/dags/warning_dag.py
[2024-07-16T09:29:38.041+0000] {processor.py:830} INFO - Processing file /opt/airflow/dags/warning_dag.py for tasks to queue
[2024-07-16T09:29:38.056+0000] {logging_mixin.py:188} INFO - [2024-07-16T09:29:38.055+0000] {dagbag.py:545} INFO - Filling up the DagBag from /opt/airflow/dags/warning_dag.py
[2024-07-16T09:29:38.064+0000] {processor.py:842} WARNING - No viable dags retrieved from /opt/airflow/dags/warning_dag.py
[2024-07-16T09:29:38.088+0000] {processor.py:183} INFO - Processing /opt/airflow/dags/warning_dag.py took 0.058 seconds
[2024-07-16T09:30:08.493+0000] {processor.py:161} INFO - Started process (PID=632) to work on /opt/airflow/dags/warning_dag.py
[2024-07-16T09:30:08.495+0000] {processor.py:830} INFO - Processing file /opt/airflow/dags/warning_dag.py for tasks to queue
[2024-07-16T09:30:08.501+0000] {logging_mixin.py:188} INFO - [2024-07-16T09:30:08.500+0000] {dagbag.py:545} INFO - Filling up the DagBag from /opt/airflow/dags/warning_dag.py
[2024-07-16T09:30:08.508+0000] {processor.py:842} WARNING - No viable dags retrieved from /opt/airflow/dags/warning_dag.py
[2024-07-16T09:30:08.544+0000] {processor.py:183} INFO - Processing /opt/airflow/dags/warning_dag.py took 0.058 seconds
[2024-07-16T09:30:38.986+0000] {processor.py:161} INFO - Started process (PID=692) to work on /opt/airflow/dags/warning_dag.py
[2024-07-16T09:30:38.987+0000] {processor.py:830} INFO - Processing file /opt/airflow/dags/warning_dag.py for tasks to queue
[2024-07-16T09:30:38.991+0000] {logging_mixin.py:188} INFO - [2024-07-16T09:30:38.990+0000] {dagbag.py:545} INFO - Filling up the DagBag from /opt/airflow/dags/warning_dag.py
[2024-07-16T09:30:38.994+0000] {processor.py:842} WARNING - No viable dags retrieved from /opt/airflow/dags/warning_dag.py
[2024-07-16T09:30:39.040+0000] {processor.py:183} INFO - Processing /opt/airflow/dags/warning_dag.py took 0.065 seconds
[2024-07-16T09:31:09.313+0000] {processor.py:161} INFO - Started process (PID=752) to work on /opt/airflow/dags/warning_dag.py
[2024-07-16T09:31:09.314+0000] {processor.py:830} INFO - Processing file /opt/airflow/dags/warning_dag.py for tasks to queue
[2024-07-16T09:31:09.318+0000] {logging_mixin.py:188} INFO - [2024-07-16T09:31:09.318+0000] {dagbag.py:545} INFO - Filling up the DagBag from /opt/airflow/dags/warning_dag.py
[2024-07-16T09:31:09.324+0000] {processor.py:842} WARNING - No viable dags retrieved from /opt/airflow/dags/warning_dag.py
[2024-07-16T09:31:09.359+0000] {processor.py:183} INFO - Processing /opt/airflow/dags/warning_dag.py took 0.070 seconds
[2024-07-16T09:31:39.726+0000] {processor.py:161} INFO - Started process (PID=812) to work on /opt/airflow/dags/warning_dag.py
[2024-07-16T09:31:39.732+0000] {processor.py:830} INFO - Processing file /opt/airflow/dags/warning_dag.py for tasks to queue
[2024-07-16T09:31:39.741+0000] {logging_mixin.py:188} INFO - [2024-07-16T09:31:39.740+0000] {dagbag.py:545} INFO - Filling up the DagBag from /opt/airflow/dags/warning_dag.py
[2024-07-16T09:31:39.758+0000] {processor.py:842} WARNING - No viable dags retrieved from /opt/airflow/dags/warning_dag.py
[2024-07-16T09:31:39.777+0000] {processor.py:183} INFO - Processing /opt/airflow/dags/warning_dag.py took 0.059 seconds
[2024-07-16T09:32:09.871+0000] {processor.py:161} INFO - Started process (PID=871) to work on /opt/airflow/dags/warning_dag.py
[2024-07-16T09:32:09.880+0000] {processor.py:830} INFO - Processing file /opt/airflow/dags/warning_dag.py for tasks to queue
[2024-07-16T09:32:09.897+0000] {logging_mixin.py:188} INFO - [2024-07-16T09:32:09.895+0000] {dagbag.py:545} INFO - Filling up the DagBag from /opt/airflow/dags/warning_dag.py
[2024-07-16T09:32:09.919+0000] {processor.py:842} WARNING - No viable dags retrieved from /opt/airflow/dags/warning_dag.py
[2024-07-16T09:32:09.968+0000] {processor.py:183} INFO - Processing /opt/airflow/dags/warning_dag.py took 0.130 seconds
[2024-07-16T09:35:05.465+0000] {processor.py:161} INFO - Started process (PID=31) to work on /opt/airflow/dags/warning_dag.py
[2024-07-16T09:35:05.468+0000] {processor.py:830} INFO - Processing file /opt/airflow/dags/warning_dag.py for tasks to queue
[2024-07-16T09:35:05.500+0000] {logging_mixin.py:188} INFO - [2024-07-16T09:35:05.499+0000] {dagbag.py:545} INFO - Filling up the DagBag from /opt/airflow/dags/warning_dag.py
[2024-07-16T09:35:05.512+0000] {processor.py:842} WARNING - No viable dags retrieved from /opt/airflow/dags/warning_dag.py
[2024-07-16T09:35:05.566+0000] {processor.py:183} INFO - Processing /opt/airflow/dags/warning_dag.py took 0.117 seconds
[2024-07-16T09:35:36.432+0000] {processor.py:161} INFO - Started process (PID=91) to work on /opt/airflow/dags/warning_dag.py
[2024-07-16T09:35:36.434+0000] {processor.py:830} INFO - Processing file /opt/airflow/dags/warning_dag.py for tasks to queue
[2024-07-16T09:35:36.520+0000] {logging_mixin.py:188} INFO - [2024-07-16T09:35:36.500+0000] {dagbag.py:545} INFO - Filling up the DagBag from /opt/airflow/dags/warning_dag.py
[2024-07-16T09:35:36.547+0000] {processor.py:842} WARNING - No viable dags retrieved from /opt/airflow/dags/warning_dag.py
[2024-07-16T09:35:36.646+0000] {processor.py:183} INFO - Processing /opt/airflow/dags/warning_dag.py took 0.318 seconds
[2024-07-16T09:36:07.132+0000] {processor.py:161} INFO - Started process (PID=151) to work on /opt/airflow/dags/warning_dag.py
[2024-07-16T09:36:07.134+0000] {processor.py:830} INFO - Processing file /opt/airflow/dags/warning_dag.py for tasks to queue
[2024-07-16T09:36:07.151+0000] {logging_mixin.py:188} INFO - [2024-07-16T09:36:07.149+0000] {dagbag.py:545} INFO - Filling up the DagBag from /opt/airflow/dags/warning_dag.py
[2024-07-16T09:36:07.162+0000] {processor.py:842} WARNING - No viable dags retrieved from /opt/airflow/dags/warning_dag.py
[2024-07-16T09:36:07.184+0000] {processor.py:183} INFO - Processing /opt/airflow/dags/warning_dag.py took 0.065 seconds
[2024-07-16T09:38:59.524+0000] {processor.py:161} INFO - Started process (PID=31) to work on /opt/airflow/dags/warning_dag.py
[2024-07-16T09:38:59.530+0000] {processor.py:830} INFO - Processing file /opt/airflow/dags/warning_dag.py for tasks to queue
[2024-07-16T09:38:59.578+0000] {logging_mixin.py:188} INFO - [2024-07-16T09:38:59.576+0000] {dagbag.py:545} INFO - Filling up the DagBag from /opt/airflow/dags/warning_dag.py
[2024-07-16T09:38:59.587+0000] {processor.py:842} WARNING - No viable dags retrieved from /opt/airflow/dags/warning_dag.py
[2024-07-16T09:38:59.662+0000] {processor.py:183} INFO - Processing /opt/airflow/dags/warning_dag.py took 0.174 seconds
[2024-07-16T09:39:30.258+0000] {processor.py:161} INFO - Started process (PID=91) to work on /opt/airflow/dags/warning_dag.py
[2024-07-16T09:39:30.265+0000] {processor.py:830} INFO - Processing file /opt/airflow/dags/warning_dag.py for tasks to queue
[2024-07-16T09:39:30.309+0000] {logging_mixin.py:188} INFO - [2024-07-16T09:39:30.305+0000] {dagbag.py:545} INFO - Filling up the DagBag from /opt/airflow/dags/warning_dag.py
[2024-07-16T09:39:30.351+0000] {processor.py:842} WARNING - No viable dags retrieved from /opt/airflow/dags/warning_dag.py
[2024-07-16T09:39:30.498+0000] {processor.py:183} INFO - Processing /opt/airflow/dags/warning_dag.py took 0.346 seconds
