[2024-07-16T10:58:23.943+0000] {local_task_job_runner.py:120} INFO - ::group::Pre task execution logs
[2024-07-16T10:58:24.869+0000] {taskinstance.py:2076} INFO - Dependencies all met for dep_context=non-requeueable deps ti=<TaskInstance: computer_data.insert_memory_data_task scheduled__2024-07-16T10:57:00+00:00 [queued]>
[2024-07-16T10:58:24.951+0000] {taskinstance.py:2076} INFO - Dependencies all met for dep_context=requeueable deps ti=<TaskInstance: computer_data.insert_memory_data_task scheduled__2024-07-16T10:57:00+00:00 [queued]>
[2024-07-16T10:58:24.953+0000] {taskinstance.py:2306} INFO - Starting attempt 1 of 2
[2024-07-16T10:58:25.121+0000] {taskinstance.py:2330} INFO - Executing <Task(PythonOperator): insert_memory_data_task> on 2024-07-16 10:57:00+00:00
[2024-07-16T10:58:25.259+0000] {warnings.py:110} WARNING - /home/***/.local/lib/python3.12/site-packages/***/task/task_runner/standard_task_runner.py:61: DeprecationWarning: This process (pid=120) is multi-threaded, use of fork() may lead to deadlocks in the child.
  pid = os.fork()

[2024-07-16T10:58:25.270+0000] {standard_task_runner.py:63} INFO - Started process 131 to run task
[2024-07-16T10:58:25.305+0000] {standard_task_runner.py:90} INFO - Running: ['***', 'tasks', 'run', 'computer_data', 'insert_memory_data_task', 'scheduled__2024-07-16T10:57:00+00:00', '--job-id', '85', '--raw', '--subdir', 'DAGS_FOLDER/collect_to_postgre_dag.py', '--cfg-path', '/tmp/tmp1xtmy64t']
[2024-07-16T10:58:25.370+0000] {standard_task_runner.py:91} INFO - Job 85: Subtask insert_memory_data_task
[2024-07-16T10:58:26.751+0000] {task_command.py:426} INFO - Running <TaskInstance: computer_data.insert_memory_data_task scheduled__2024-07-16T10:57:00+00:00 [running]> on host 224660d77ef4
[2024-07-16T10:58:28.348+0000] {taskinstance.py:2648} INFO - Exporting env vars: AIRFLOW_CTX_DAG_OWNER='***' AIRFLOW_CTX_DAG_ID='computer_data' AIRFLOW_CTX_TASK_ID='insert_memory_data_task' AIRFLOW_CTX_EXECUTION_DATE='2024-07-16T10:57:00+00:00' AIRFLOW_CTX_TRY_NUMBER='1' AIRFLOW_CTX_DAG_RUN_ID='scheduled__2024-07-16T10:57:00+00:00'
[2024-07-16T10:58:28.496+0000] {taskinstance.py:430} INFO - ::endgroup::
[2024-07-16T10:58:28.511+0000] {logging_mixin.py:188} INFO - Error: Value after * must be an iterable, not float
[2024-07-16T10:58:28.512+0000] {python.py:237} INFO - Done. Returned value was: None
[2024-07-16T10:58:28.520+0000] {taskinstance.py:441} INFO - ::group::Post task execution logs
[2024-07-16T10:58:28.560+0000] {taskinstance.py:1206} INFO - Marking task as SUCCESS. dag_id=computer_data, task_id=insert_memory_data_task, run_id=scheduled__2024-07-16T10:57:00+00:00, execution_date=20240716T105700, start_date=20240716T105824, end_date=20240716T105828
[2024-07-16T10:58:28.652+0000] {local_task_job_runner.py:240} INFO - Task exited with return code 0
[2024-07-16T10:58:28.900+0000] {taskinstance.py:3498} INFO - 1 downstream tasks scheduled from follow-on schedule check
[2024-07-16T10:58:28.927+0000] {local_task_job_runner.py:222} INFO - ::endgroup::
