[2024-07-17T10:42:20.590+0000] {local_task_job_runner.py:120} INFO - ::group::Pre task execution logs
[2024-07-17T10:42:20.693+0000] {taskinstance.py:2076} INFO - Dependencies all met for dep_context=non-requeueable deps ti=<TaskInstance: computer_data.insert_battery_data_task scheduled__2024-07-17T10:39:00+00:00 [queued]>
[2024-07-17T10:42:20.700+0000] {taskinstance.py:2076} INFO - Dependencies all met for dep_context=requeueable deps ti=<TaskInstance: computer_data.insert_battery_data_task scheduled__2024-07-17T10:39:00+00:00 [queued]>
[2024-07-17T10:42:20.701+0000] {taskinstance.py:2306} INFO - Starting attempt 1 of 2
[2024-07-17T10:42:20.756+0000] {taskinstance.py:2330} INFO - Executing <Task(PythonOperator): insert_battery_data_task> on 2024-07-17 10:39:00+00:00
[2024-07-17T10:42:20.768+0000] {warnings.py:110} WARNING - /home/***/.local/lib/python3.12/site-packages/***/task/task_runner/standard_task_runner.py:61: DeprecationWarning: This process (pid=179) is multi-threaded, use of fork() may lead to deadlocks in the child.
  pid = os.fork()

[2024-07-17T10:42:20.771+0000] {standard_task_runner.py:63} INFO - Started process 181 to run task
[2024-07-17T10:42:20.774+0000] {standard_task_runner.py:90} INFO - Running: ['***', 'tasks', 'run', 'computer_data', 'insert_battery_data_task', 'scheduled__2024-07-17T10:39:00+00:00', '--job-id', '14', '--raw', '--subdir', 'DAGS_FOLDER/collect_to_postgre_dag.py', '--cfg-path', '/tmp/tmph6dwwjv7']
[2024-07-17T10:42:20.781+0000] {standard_task_runner.py:91} INFO - Job 14: Subtask insert_battery_data_task
[2024-07-17T10:42:20.918+0000] {task_command.py:426} INFO - Running <TaskInstance: computer_data.insert_battery_data_task scheduled__2024-07-17T10:39:00+00:00 [running]> on host 827e14d0ff08
[2024-07-17T10:42:21.183+0000] {taskinstance.py:2648} INFO - Exporting env vars: AIRFLOW_CTX_DAG_OWNER='***' AIRFLOW_CTX_DAG_ID='computer_data' AIRFLOW_CTX_TASK_ID='insert_battery_data_task' AIRFLOW_CTX_EXECUTION_DATE='2024-07-17T10:39:00+00:00' AIRFLOW_CTX_TRY_NUMBER='1' AIRFLOW_CTX_DAG_RUN_ID='scheduled__2024-07-17T10:39:00+00:00'
[2024-07-17T10:42:21.194+0000] {taskinstance.py:430} INFO - ::endgroup::
[2024-07-17T10:42:21.197+0000] {logging_mixin.py:188} INFO - None
[2024-07-17T10:42:21.199+0000] {logging_mixin.py:188} INFO - Error collecting battery data: No battery information available
[2024-07-17T10:42:21.200+0000] {python.py:237} INFO - Done. Returned value was: None
[2024-07-17T10:42:21.202+0000] {taskinstance.py:441} INFO - ::group::Post task execution logs
[2024-07-17T10:42:21.222+0000] {taskinstance.py:1206} INFO - Marking task as SUCCESS. dag_id=computer_data, task_id=insert_battery_data_task, run_id=scheduled__2024-07-17T10:39:00+00:00, execution_date=20240717T103900, start_date=20240717T104220, end_date=20240717T104221
[2024-07-17T10:42:21.273+0000] {local_task_job_runner.py:240} INFO - Task exited with return code 0
[2024-07-17T10:42:21.318+0000] {taskinstance.py:3498} INFO - 0 downstream tasks scheduled from follow-on schedule check
[2024-07-17T10:42:21.325+0000] {local_task_job_runner.py:222} INFO - ::endgroup::
