[2024-07-16T15:27:19.296+0000] {local_task_job_runner.py:120} INFO - ::group::Pre task execution logs
[2024-07-16T15:27:19.448+0000] {taskinstance.py:2076} INFO - Dependencies all met for dep_context=non-requeueable deps ti=<TaskInstance: computer_data.insert_battery_data_task scheduled__2024-07-16T10:57:00+00:00 [queued]>
[2024-07-16T15:27:19.502+0000] {taskinstance.py:2076} INFO - Dependencies all met for dep_context=requeueable deps ti=<TaskInstance: computer_data.insert_battery_data_task scheduled__2024-07-16T10:57:00+00:00 [queued]>
[2024-07-16T15:27:19.518+0000] {taskinstance.py:2306} INFO - Starting attempt 2 of 2
[2024-07-16T15:27:19.596+0000] {taskinstance.py:2330} INFO - Executing <Task(PythonOperator): insert_battery_data_task> on 2024-07-16 10:57:00+00:00
[2024-07-16T15:27:19.665+0000] {warnings.py:110} WARNING - /home/***/.local/lib/python3.12/site-packages/***/task/task_runner/standard_task_runner.py:61: DeprecationWarning: This process (pid=56) is multi-threaded, use of fork() may lead to deadlocks in the child.
  pid = os.fork()

[2024-07-16T15:27:19.674+0000] {standard_task_runner.py:63} INFO - Started process 60 to run task
[2024-07-16T15:27:19.684+0000] {standard_task_runner.py:90} INFO - Running: ['***', 'tasks', 'run', 'computer_data', 'insert_battery_data_task', 'scheduled__2024-07-16T10:57:00+00:00', '--job-id', '89', '--raw', '--subdir', 'DAGS_FOLDER/collect_to_postgre_dag.py', '--cfg-path', '/tmp/tmpiak8oc2m']
[2024-07-16T15:27:19.698+0000] {standard_task_runner.py:91} INFO - Job 89: Subtask insert_battery_data_task
[2024-07-16T15:27:20.358+0000] {task_command.py:426} INFO - Running <TaskInstance: computer_data.insert_battery_data_task scheduled__2024-07-16T10:57:00+00:00 [running]> on host f864a8eff3f2
[2024-07-16T15:27:21.852+0000] {taskinstance.py:2648} INFO - Exporting env vars: AIRFLOW_CTX_DAG_OWNER='***' AIRFLOW_CTX_DAG_ID='computer_data' AIRFLOW_CTX_TASK_ID='insert_battery_data_task' AIRFLOW_CTX_EXECUTION_DATE='2024-07-16T10:57:00+00:00' AIRFLOW_CTX_TRY_NUMBER='2' AIRFLOW_CTX_DAG_RUN_ID='scheduled__2024-07-16T10:57:00+00:00'
[2024-07-16T15:27:22.048+0000] {taskinstance.py:430} INFO - ::endgroup::
[2024-07-16T15:27:22.251+0000] {taskinstance.py:441} INFO - ::group::Post task execution logs
[2024-07-16T15:27:22.526+0000] {taskinstance.py:2905} ERROR - Task failed with exception
Traceback (most recent call last):
  File "/home/airflow/.local/lib/python3.12/site-packages/airflow/models/taskinstance.py", line 465, in _execute_task
    result = _execute_callable(context=context, **execute_callable_kwargs)
             ^^^^^^^^^^^^^^^^^^^^^^^^^^^^^^^^^^^^^^^^^^^^^^^^^^^^^^^^^^^^^
  File "/home/airflow/.local/lib/python3.12/site-packages/airflow/models/taskinstance.py", line 432, in _execute_callable
    return execute_callable(context=context, **execute_callable_kwargs)
           ^^^^^^^^^^^^^^^^^^^^^^^^^^^^^^^^^^^^^^^^^^^^^^^^^^^^^^^^^^^^
  File "/home/airflow/.local/lib/python3.12/site-packages/airflow/models/baseoperator.py", line 400, in wrapper
    return func(self, *args, **kwargs)
           ^^^^^^^^^^^^^^^^^^^^^^^^^^^
  File "/home/airflow/.local/lib/python3.12/site-packages/airflow/operators/python.py", line 235, in execute
    return_value = self.execute_callable()
                   ^^^^^^^^^^^^^^^^^^^^^^^
  File "/home/airflow/.local/lib/python3.12/site-packages/airflow/operators/python.py", line 252, in execute_callable
    return self.python_callable(*self.op_args, **self.op_kwargs)
           ^^^^^^^^^^^^^^^^^^^^^^^^^^^^^^^^^^^^^^^^^^^^^^^^^^^^^
  File "/opt/airflow/dags/battery.py", line 21, in insert_battery_data
    data_to_insert = transform_battery(collect_data)
                     ^^^^^^^^^^^^^^^^^^^^^^^^^^^^^^^
  File "/opt/airflow/dags/battery.py", line 14, in transform_battery
    lst.append(battery_info[0])
               ~~~~~~~~~~~~^^^
TypeError: 'NoneType' object is not subscriptable
[2024-07-16T15:27:23.495+0000] {taskinstance.py:1206} INFO - Marking task as FAILED. dag_id=computer_data, task_id=insert_battery_data_task, run_id=scheduled__2024-07-16T10:57:00+00:00, execution_date=20240716T105700, start_date=20240716T152719, end_date=20240716T152723
[2024-07-16T15:27:23.769+0000] {standard_task_runner.py:110} ERROR - Failed to execute job 89 for task insert_battery_data_task ('NoneType' object is not subscriptable; 60)
[2024-07-16T15:27:23.873+0000] {local_task_job_runner.py:240} INFO - Task exited with return code 1
[2024-07-16T15:27:24.064+0000] {taskinstance.py:3498} INFO - 0 downstream tasks scheduled from follow-on schedule check
[2024-07-16T15:27:24.087+0000] {local_task_job_runner.py:222} INFO - ::endgroup::
