[2024-07-16T10:43:03.405+0000] {local_task_job_runner.py:120} INFO - ::group::Pre task execution logs
[2024-07-16T10:43:03.448+0000] {taskinstance.py:2076} INFO - Dependencies all met for dep_context=non-requeueable deps ti=<TaskInstance: computer_data.insert_memory_data_task scheduled__2024-07-16T10:42:00+00:00 [queued]>
[2024-07-16T10:43:03.453+0000] {taskinstance.py:2076} INFO - Dependencies all met for dep_context=requeueable deps ti=<TaskInstance: computer_data.insert_memory_data_task scheduled__2024-07-16T10:42:00+00:00 [queued]>
[2024-07-16T10:43:03.454+0000] {taskinstance.py:2306} INFO - Starting attempt 1 of 2
[2024-07-16T10:43:03.463+0000] {taskinstance.py:2330} INFO - Executing <Task(PythonOperator): insert_memory_data_task> on 2024-07-16 10:42:00+00:00
[2024-07-16T10:43:03.474+0000] {warnings.py:110} WARNING - /home/***/.local/lib/python3.12/site-packages/***/task/task_runner/standard_task_runner.py:61: DeprecationWarning: This process (pid=258) is multi-threaded, use of fork() may lead to deadlocks in the child.
  pid = os.fork()

[2024-07-16T10:43:03.477+0000] {standard_task_runner.py:63} INFO - Started process 260 to run task
[2024-07-16T10:43:03.476+0000] {standard_task_runner.py:90} INFO - Running: ['***', 'tasks', 'run', 'computer_data', 'insert_memory_data_task', 'scheduled__2024-07-16T10:42:00+00:00', '--job-id', '70', '--raw', '--subdir', 'DAGS_FOLDER/collect_to_postgre_dag.py', '--cfg-path', '/tmp/tmp4y1qums_']
[2024-07-16T10:43:03.484+0000] {standard_task_runner.py:91} INFO - Job 70: Subtask insert_memory_data_task
[2024-07-16T10:43:03.538+0000] {task_command.py:426} INFO - Running <TaskInstance: computer_data.insert_memory_data_task scheduled__2024-07-16T10:42:00+00:00 [running]> on host e5698429b562
[2024-07-16T10:43:03.612+0000] {taskinstance.py:2648} INFO - Exporting env vars: AIRFLOW_CTX_DAG_OWNER='***' AIRFLOW_CTX_DAG_ID='computer_data' AIRFLOW_CTX_TASK_ID='insert_memory_data_task' AIRFLOW_CTX_EXECUTION_DATE='2024-07-16T10:42:00+00:00' AIRFLOW_CTX_TRY_NUMBER='1' AIRFLOW_CTX_DAG_RUN_ID='scheduled__2024-07-16T10:42:00+00:00'
[2024-07-16T10:43:03.615+0000] {taskinstance.py:430} INFO - ::endgroup::
[2024-07-16T10:43:03.621+0000] {logging_mixin.py:188} INFO - Error: Value after * must be an iterable, not float
[2024-07-16T10:43:03.621+0000] {python.py:237} INFO - Done. Returned value was: None
[2024-07-16T10:43:03.622+0000] {taskinstance.py:441} INFO - ::group::Post task execution logs
[2024-07-16T10:43:03.630+0000] {taskinstance.py:1206} INFO - Marking task as SUCCESS. dag_id=computer_data, task_id=insert_memory_data_task, run_id=scheduled__2024-07-16T10:42:00+00:00, execution_date=20240716T104200, start_date=20240716T104303, end_date=20240716T104303
[2024-07-16T10:43:03.654+0000] {local_task_job_runner.py:240} INFO - Task exited with return code 0
[2024-07-16T10:43:03.684+0000] {taskinstance.py:3498} INFO - 0 downstream tasks scheduled from follow-on schedule check
[2024-07-16T10:43:03.689+0000] {local_task_job_runner.py:222} INFO - ::endgroup::
