[2024-07-16T10:41:19.581+0000] {local_task_job_runner.py:120} INFO - ::group::Pre task execution logs
[2024-07-16T10:41:19.646+0000] {taskinstance.py:2076} INFO - Dependencies all met for dep_context=non-requeueable deps ti=<TaskInstance: computer_data.insert_memory_data_task scheduled__2024-07-16T10:40:00+00:00 [queued]>
[2024-07-16T10:41:19.658+0000] {taskinstance.py:2076} INFO - Dependencies all met for dep_context=requeueable deps ti=<TaskInstance: computer_data.insert_memory_data_task scheduled__2024-07-16T10:40:00+00:00 [queued]>
[2024-07-16T10:41:19.660+0000] {taskinstance.py:2306} INFO - Starting attempt 1 of 2
[2024-07-16T10:41:19.691+0000] {taskinstance.py:2330} INFO - Executing <Task(PythonOperator): insert_memory_data_task> on 2024-07-16 10:40:00+00:00
[2024-07-16T10:41:19.743+0000] {warnings.py:110} WARNING - /home/***/.local/lib/python3.12/site-packages/***/task/task_runner/standard_task_runner.py:61: DeprecationWarning: This process (pid=219) is multi-threaded, use of fork() may lead to deadlocks in the child.
  pid = os.fork()

[2024-07-16T10:41:19.750+0000] {standard_task_runner.py:63} INFO - Started process 228 to run task
[2024-07-16T10:41:19.755+0000] {standard_task_runner.py:90} INFO - Running: ['***', 'tasks', 'run', 'computer_data', 'insert_memory_data_task', 'scheduled__2024-07-16T10:40:00+00:00', '--job-id', '64', '--raw', '--subdir', 'DAGS_FOLDER/collect_to_postgre_dag.py', '--cfg-path', '/tmp/tmp36de_dyy']
[2024-07-16T10:41:19.761+0000] {standard_task_runner.py:91} INFO - Job 64: Subtask insert_memory_data_task
[2024-07-16T10:41:19.839+0000] {task_command.py:426} INFO - Running <TaskInstance: computer_data.insert_memory_data_task scheduled__2024-07-16T10:40:00+00:00 [running]> on host e5698429b562
[2024-07-16T10:41:19.990+0000] {taskinstance.py:2648} INFO - Exporting env vars: AIRFLOW_CTX_DAG_OWNER='***' AIRFLOW_CTX_DAG_ID='computer_data' AIRFLOW_CTX_TASK_ID='insert_memory_data_task' AIRFLOW_CTX_EXECUTION_DATE='2024-07-16T10:40:00+00:00' AIRFLOW_CTX_TRY_NUMBER='1' AIRFLOW_CTX_DAG_RUN_ID='scheduled__2024-07-16T10:40:00+00:00'
[2024-07-16T10:41:20.028+0000] {taskinstance.py:430} INFO - ::endgroup::
[2024-07-16T10:41:20.050+0000] {logging_mixin.py:188} INFO - Error: Value after * must be an iterable, not float
[2024-07-16T10:41:20.062+0000] {python.py:237} INFO - Done. Returned value was: None
[2024-07-16T10:41:20.063+0000] {taskinstance.py:441} INFO - ::group::Post task execution logs
[2024-07-16T10:41:20.089+0000] {taskinstance.py:1206} INFO - Marking task as SUCCESS. dag_id=computer_data, task_id=insert_memory_data_task, run_id=scheduled__2024-07-16T10:40:00+00:00, execution_date=20240716T104000, start_date=20240716T104119, end_date=20240716T104120
[2024-07-16T10:41:20.174+0000] {local_task_job_runner.py:240} INFO - Task exited with return code 0
[2024-07-16T10:41:20.213+0000] {taskinstance.py:3498} INFO - 1 downstream tasks scheduled from follow-on schedule check
[2024-07-16T10:41:20.215+0000] {local_task_job_runner.py:222} INFO - ::endgroup::
